2023.11.11 10:08:53 INFO  Started: Metals version 1.1.0 in folders 'E:\code\edu\deep_learning' for client Visual Studio Code 1.81.1.
2023.11.11 10:08:54 WARN  Build server is not auto-connectable.
2023.11.11 10:08:54 WARN  no build tool detected in workspace 'E:\code\edu\deep_learning'. The most common cause for this problem is that the editor was opened in the wrong working directory, for example if you use sbt then the workspace directory should contain build.sbt. 
2023.11.11 10:08:54 WARN  no build target for: E:\code\edu\deep_learning\project\eda\test.scala
2023.11.11 10:15:16 INFO  Started: Metals version 1.1.0 in folders 'E:\code\edu\deep_learning' for client Visual Studio Code 1.81.1.
2023.11.11 10:15:21 WARN  Build server is not auto-connectable.
2023.11.11 10:15:21 WARN  no build tool detected in workspace 'E:\code\edu\deep_learning'. The most common cause for this problem is that the editor was opened in the wrong working directory, for example if you use sbt then the workspace directory should contain build.sbt. 
2023.11.11 10:15:21 WARN  no build target for: E:\code\edu\deep_learning\project\eda\test.scala
2023.11.11 10:17:28 INFO  Started: Metals version 1.1.0 in folders 'E:\code\edu\deep_learning' for client Visual Studio Code 1.81.1.
2023.11.11 10:17:33 WARN  Build server is not auto-connectable.
2023.11.11 10:17:33 WARN  no build target for: E:\code\edu\deep_learning\project\eda\test.scala
2023.11.11 10:17:33 WARN  no build tool detected in workspace 'E:\code\edu\deep_learning'. The most common cause for this problem is that the editor was opened in the wrong working directory, for example if you use sbt then the workspace directory should contain build.sbt. 
2023.11.11 10:17:49 INFO  no build target found for E:\code\edu\deep_learning\project\eda\test.scala. Using presentation compiler with project's scala-library version: 3.3.1
十一月 11, 2023 10:17:49 上午 org.eclipse.lsp4j.jsonrpc.RemoteEndpoint handleCancellation
警告: Unmatched cancel notification for request id 7
十一月 11, 2023 10:17:49 上午 org.eclipse.lsp4j.jsonrpc.RemoteEndpoint handleCancellation
警告: Unmatched cancel notification for request id 10
十一月 11, 2023 10:17:49 上午 org.eclipse.lsp4j.jsonrpc.RemoteEndpoint handleCancellation
警告: Unmatched cancel notification for request id 1
十一月 11, 2023 10:17:49 上午 org.eclipse.lsp4j.jsonrpc.RemoteEndpoint handleCancellation
警告: Unmatched cancel notification for request id 14
2023.11.11 10:17:50 WARN  no build target for: E:\code\edu\deep_learning\project\eda\test.scala
十一月 11, 2023 10:17:50 上午 org.eclipse.lsp4j.jsonrpc.RemoteEndpoint handleCancellation
警告: Unmatched cancel notification for request id 16
十一月 11, 2023 10:17:50 上午 org.eclipse.lsp4j.jsonrpc.RemoteEndpoint handleCancellation
警告: Unmatched cancel notification for request id 27
十一月 11, 2023 10:17:50 上午 org.eclipse.lsp4j.jsonrpc.RemoteEndpoint handleCancellation
警告: Unmatched cancel notification for request id 34
十一月 11, 2023 10:17:50 上午 org.eclipse.lsp4j.jsonrpc.RemoteEndpoint handleCancellation
警告: Unmatched cancel notification for request id 30
十一月 11, 2023 10:17:50 上午 org.eclipse.lsp4j.jsonrpc.RemoteEndpoint handleCancellation
警告: Unmatched cancel notification for request id 23
十一月 11, 2023 10:17:50 上午 org.eclipse.lsp4j.jsonrpc.RemoteEndpoint handleCancellation
警告: Unmatched cancel notification for request id 21
2023.11.11 10:17:50 WARN  Could not find semantic tokens for: file:///E:/code/edu/deep_learning/project/eda/test.scala
2023.11.11 10:17:51 WARN  no build target for: E:\code\edu\deep_learning\project\eda\test.scala
2023.11.11 10:17:50 WARN  Could not find semantic tokens for: file:///E:/code/edu/deep_learning/project/eda/test.scala
2023.11.11 10:17:51 WARN  Could not find semantic tokens for: file:///E:/code/edu/deep_learning/project/eda/test.scala
2023.11.11 10:17:52 WARN  Could not find semantic tokens for: file:///E:/code/edu/deep_learning/project/eda/test.scala
2023.11.11 10:17:53 WARN  Could not find semantic tokens for: file:///E:/code/edu/deep_learning/project/eda/test.scala
2023.11.11 10:17:53 WARN  Could not find semantic tokens for: file:///E:/code/edu/deep_learning/project/eda/test.scala
2023.11.11 10:17:55 WARN  Could not find semantic tokens for: file:///E:/code/edu/deep_learning/project/eda/test.scala
2023.11.11 10:17:56 WARN  Could not find semantic tokens for: file:///E:/code/edu/deep_learning/project/eda/test.scala
2023.11.11 10:17:57 WARN  Could not find semantic tokens for: file:///E:/code/edu/deep_learning/project/eda/test.scala
2023.11.11 10:17:57 WARN  Could not find semantic tokens for: file:///E:/code/edu/deep_learning/project/eda/test.scala
2023.11.11 10:17:58 WARN  Could not find semantic tokens for: file:///E:/code/edu/deep_learning/project/eda/test.scala
2023.11.11 10:17:59 WARN  Could not find semantic tokens for: file:///E:/code/edu/deep_learning/project/eda/test.scala
2023.11.11 10:17:59 WARN  Could not find semantic tokens for: file:///E:/code/edu/deep_learning/project/eda/test.scala
2023.11.11 10:17:59 WARN  Could not find semantic tokens for: file:///E:/code/edu/deep_learning/project/eda/test.scala
2023.11.11 10:18:01 WARN  Could not find semantic tokens for: file:///E:/code/edu/deep_learning/project/eda/test.scala
2023.11.11 10:18:02 WARN  Could not find semantic tokens for: file:///E:/code/edu/deep_learning/project/eda/test.scala
2023.11.11 10:18:03 WARN  Could not find semantic tokens for: file:///E:/code/edu/deep_learning/project/eda/test.scala
2023.11.11 10:18:04 WARN  Could not find semantic tokens for: file:///E:/code/edu/deep_learning/project/eda/test.scala
2023.11.11 10:18:05 WARN  Could not find semantic tokens for: file:///E:/code/edu/deep_learning/project/eda/test.scala
2023.11.11 10:18:05 WARN  Could not find semantic tokens for: file:///E:/code/edu/deep_learning/project/eda/test.scala
2023.11.11 10:24:35 INFO  Shutting down server
2023.11.11 10:24:35 INFO  shutting down Metals
2023.11.11 10:24:35 INFO  Exiting server
